<?xml version="1.0" encoding="UTF-8"?>
<!-- Generated by org.testng.reporters.JUnitXMLReporter -->
<testsuite ignored="0" hostname="Rohman" failures="0" tests="3" name="Default test" time="1.096" errors="0" timestamp="2024-04-04T16:35:09 IST">
  <testcase classname="mypackage.readexcelDataProvider" name="Register" time="0.093"/>
  <testcase classname="mypackage.readexcelDataProvider" name="Register" time="0.005"/>
  <testcase classname="mypackage.readexcelDataProvider" name="Register" time="0.005"/>
</testsuite> <!-- Default test -->
