<?xml version="1.0" encoding="UTF-8"?>
<testng-results ignored="0" total="3" passed="3" failed="0" skipped="0">
  <reporter-output>
  </reporter-output>
  <suite started-at="2024-04-04T16:35:08 IST" name="Default suite" finished-at="2024-04-04T16:35:09 IST" duration-ms="1096">
    <groups>
    </groups>
    <test started-at="2024-04-04T16:35:08 IST" name="Default test" finished-at="2024-04-04T16:35:09 IST" duration-ms="1096">
      <class name="mypackage.readexcelDataProvider">
        <test-method signature="Register(java.lang.String,java.lang.String,java.lang.String,java.lang.String,java.lang.String)[pri:0, instance:mypackage.readexcelDataProvider@302f7971]" started-at="2024-04-04T16:35:09 IST" name="Register" data-provider="testdataprovider" finished-at="2024-04-04T16:35:09 IST" duration-ms="93" status="PASS">
          <params>
            <param index="0">
              <value>
                <![CDATA[priya]]>
              </value>
            </param>
            <param index="1">
              <value>
                <![CDATA[mehta]]>
              </value>
            </param>
            <param index="2">
              <value>
                <![CDATA[9833888999]]>
              </value>
            </param>
            <param index="3">
              <value>
                <![CDATA[rach@123]]>
              </value>
            </param>
            <param index="4">
              <value>
                <![CDATA[yes]]>
              </value>
            </param>
          </params>
          <reporter-output>
          </reporter-output>
        </test-method> <!-- Register -->
        <test-method signature="Register(java.lang.String,java.lang.String,java.lang.String,java.lang.String,java.lang.String)[pri:0, instance:mypackage.readexcelDataProvider@302f7971]" started-at="2024-04-04T16:35:09 IST" name="Register" data-provider="testdataprovider" finished-at="2024-04-04T16:35:09 IST" duration-ms="5" status="PASS">
          <params>
            <param index="0">
              <value>
                <![CDATA[neha]]>
              </value>
            </param>
            <param index="1">
              <value>
                <![CDATA[sharma]]>
              </value>
            </param>
            <param index="2">
              <value>
                <![CDATA[9898654323]]>
              </value>
            </param>
            <param index="3">
              <value>
                <![CDATA[neha@123]]>
              </value>
            </param>
            <param index="4">
              <value>
                <![CDATA[no]]>
              </value>
            </param>
          </params>
          <reporter-output>
          </reporter-output>
        </test-method> <!-- Register -->
        <test-method signature="Register(java.lang.String,java.lang.String,java.lang.String,java.lang.String,java.lang.String)[pri:0, instance:mypackage.readexcelDataProvider@302f7971]" started-at="2024-04-04T16:35:09 IST" name="Register" data-provider="testdataprovider" finished-at="2024-04-04T16:35:09 IST" duration-ms="5" status="PASS">
          <params>
            <param index="0">
              <value>
                <![CDATA[pooja]]>
              </value>
            </param>
            <param index="1">
              <value>
                <![CDATA[roy]]>
              </value>
            </param>
            <param index="2">
              <value>
                <![CDATA[9765432123]]>
              </value>
            </param>
            <param index="3">
              <value>
                <![CDATA[pooja@123]]>
              </value>
            </param>
            <param index="4">
              <value>
                <![CDATA[yes]]>
              </value>
            </param>
          </params>
          <reporter-output>
          </reporter-output>
        </test-method> <!-- Register -->
      </class> <!-- mypackage.readexcelDataProvider -->
    </test> <!-- Default test -->
  </suite> <!-- Default suite -->
</testng-results>
